<?xml version="1.0" encoding="UTF-8"?>
<!-- Generated by org.testng.reporters.JUnitReportReporter -->
<testsuite skipped="0" hostname="Sofee-PC" name="com.test.TestDemo" tests="1" failures="0" timestamp="12 七月 2018 13:35:22 GMT" time="1.785" errors="0">
  <testcase name="Test" time="1.785" classname="com.test.TestDemo"/>
</testsuite> <!-- com.test.TestDemo -->
